2020-07-16 01:13:24.739  INFO 4696 --- [main] lavalink.server.Launcher                 : 

[32m       .  [31m _                  _ _       _    [32m__ _ _
[32m      /\\ [31m| | __ ___   ____ _| (_)_ __ | | __[32m\ \ \ \
[32m     ( ( )[31m| |/ _` \ \ / / _` | | | '_ \| |/ /[32m \ \ \ \
[32m      \\/ [31m| | (_| |\ V / (_| | | | | | |   < [32m  ) ) ) )
[32m       '  [31m|_|\__,_| \_/ \__,_|_|_|_| |_|_|\_\[32m / / / /
[0m    =========================================[32m/_/_/_/[0m

	Version:        3.3.1.1
	Build:          1075
	Build time:     13.07.2020 09:09:23 UTC
	Branch          master
	Commit:         f6a1a2a
	Commit time:    13.07.2020 09:04:37 UTC
	JVM:            11.0.8
	Lavaplayer      1.3.50

2020-07-16 01:13:25.591  INFO 4696 --- [main] lavalink.server.Launcher                 : Starting Launcher on WIN-SA0AU3NRQCJ with PID 4696 (C:\Users\Mahmoud\Desktop\fifi-abdou\fifi-abdou\Lavalink.jar started by Mahmoud in C:\Users\Mahmoud\Desktop\fifi-abdou\fifi-abdou)
2020-07-16 01:13:25.597  INFO 4696 --- [main] lavalink.server.Launcher                 : No active profile set, falling back to default profiles: default
2020-07-16 01:13:33.315  WARN 4696 --- [main] io.undertow.websockets.jsr               : UT026010: Buffer pool was not set on WebSocketDeploymentInfo, the default pool will be used
2020-07-16 01:13:33.487  INFO 4696 --- [main] io.undertow.servlet                      : Initializing Spring embedded WebApplicationContext
2020-07-16 01:13:33.487  INFO 4696 --- [main] o.s.web.context.ContextLoader            : Root WebApplicationContext: initialization completed in 7524 ms
2020-07-16 01:13:35.391  WARN 4696 --- [main] l.server.config.SentryConfiguration      : Turning off sentry
2020-07-16 01:13:35.516  INFO 4696 --- [main] l.s.c.AudioSendFactoryConfiguration      : OS: Windows 8.1, Arch: amd64
2020-07-16 01:13:35.532  INFO 4696 --- [main] l.s.c.AudioSendFactoryConfiguration      : JDA-NAS supported system detected. Enabled native audio sending.
2020-07-16 01:13:35.532  INFO 4696 --- [main] l.s.c.AudioSendFactoryConfiguration      : Setting buffer to 400ms
2020-07-16 01:13:35.532  INFO 4696 --- [main] l.s.c.AudioSendFactoryConfiguration      : Setting playlist load limit to 6
2020-07-16 01:13:38.737  INFO 4696 --- [main] c.s.d.l.tools.GarbageCollectionMonitor   : GC monitoring enabled, reporting results every 2 minutes.
2020-07-16 01:13:40.851  INFO 4696 --- [main] o.s.s.concurrent.ThreadPoolTaskExecutor  : Initializing ExecutorService 'applicationTaskExecutor'
2020-07-16 01:13:43.708  INFO 4696 --- [main] org.xnio                                 : XNIO version 3.3.8.Final
2020-07-16 01:13:43.784  INFO 4696 --- [main] org.xnio.nio                             : XNIO NIO Implementation Version 3.3.8.Final
2020-07-16 01:13:44.087  INFO 4696 --- [main] o.s.b.w.e.u.UndertowServletWebServer     : Undertow started on port(s) 8080 (http) with context path ''
2020-07-16 01:13:44.118  INFO 4696 --- [main] lavalink.server.Launcher                 : Started Launcher in 24.515 seconds (JVM running for 26.099)
2020-07-16 01:15:58.110  INFO 2800 --- [main] lavalink.server.Launcher                 : 

[32m       .  [31m _                  _ _       _    [32m__ _ _
[32m      /\\ [31m| | __ ___   ____ _| (_)_ __ | | __[32m\ \ \ \
[32m     ( ( )[31m| |/ _` \ \ / / _` | | | '_ \| |/ /[32m \ \ \ \
[32m      \\/ [31m| | (_| |\ V / (_| | | | | | |   < [32m  ) ) ) )
[32m       '  [31m|_|\__,_| \_/ \__,_|_|_|_| |_|_|\_\[32m / / / /
[0m    =========================================[32m/_/_/_/[0m

	Version:        3.3.1.1
	Build:          1075
	Build time:     13.07.2020 09:09:23 UTC
	Branch          master
	Commit:         f6a1a2a
	Commit time:    13.07.2020 09:04:37 UTC
	JVM:            11.0.8
	Lavaplayer      1.3.50

2020-07-16 01:15:58.782  INFO 2800 --- [main] lavalink.server.Launcher                 : Starting Launcher on WIN-SA0AU3NRQCJ with PID 2800 (C:\Users\Mahmoud\Desktop\fifi-abdou\fifi-abdou\Lavalink.jar started by Mahmoud in C:\Users\Mahmoud\Desktop\fifi-abdou\fifi-abdou)
2020-07-16 01:15:58.813  INFO 2800 --- [main] lavalink.server.Launcher                 : No active profile set, falling back to default profiles: default
2020-07-16 01:15:59.313  WARN 2800 --- [background-preinit] o.s.h.c.j.Jackson2ObjectMapperBuilder    : For Jackson Kotlin classes support please add "com.fasterxml.jackson.module:jackson-module-kotlin" to the classpath
2020-07-16 01:16:03.953  WARN 2800 --- [main] io.undertow.websockets.jsr               : UT026010: Buffer pool was not set on WebSocketDeploymentInfo, the default pool will be used
2020-07-16 01:16:04.101  INFO 2800 --- [main] io.undertow.servlet                      : Initializing Spring embedded WebApplicationContext
2020-07-16 01:16:04.122  INFO 2800 --- [main] o.s.web.context.ContextLoader            : Root WebApplicationContext: initialization completed in 4934 ms
2020-07-16 01:16:05.431  WARN 2800 --- [main] l.server.config.SentryConfiguration      : Turning off sentry
2020-07-16 01:16:05.493  INFO 2800 --- [main] l.s.c.AudioSendFactoryConfiguration      : OS: Windows 8.1, Arch: amd64
2020-07-16 01:16:05.493  INFO 2800 --- [main] l.s.c.AudioSendFactoryConfiguration      : JDA-NAS supported system detected. Enabled native audio sending.
2020-07-16 01:16:05.493  INFO 2800 --- [main] l.s.c.AudioSendFactoryConfiguration      : Setting buffer to 400ms
2020-07-16 01:16:05.509  INFO 2800 --- [main] l.s.c.AudioSendFactoryConfiguration      : Setting playlist load limit to 6
2020-07-16 01:16:06.714  INFO 2800 --- [main] c.s.d.l.tools.GarbageCollectionMonitor   : GC monitoring enabled, reporting results every 2 minutes.
2020-07-16 01:16:08.054  INFO 2800 --- [main] o.s.s.concurrent.ThreadPoolTaskExecutor  : Initializing ExecutorService 'applicationTaskExecutor'
2020-07-16 01:16:09.422  INFO 2800 --- [main] org.xnio                                 : XNIO version 3.3.8.Final
2020-07-16 01:16:09.454  INFO 2800 --- [main] org.xnio.nio                             : XNIO NIO Implementation Version 3.3.8.Final
2020-07-16 01:16:09.735  INFO 2800 --- [main] o.s.b.w.e.u.UndertowServletWebServer     : Undertow started on port(s) 8080 (http) with context path ''
2020-07-16 01:16:09.751  INFO 2800 --- [main] lavalink.server.Launcher                 : Started Launcher in 15.032 seconds (JVM running for 17.155)
2020-07-16 01:21:04.932  INFO 3308 --- [main] lavalink.server.Launcher                 : 

[32m       .  [31m _                  _ _       _    [32m__ _ _
[32m      /\\ [31m| | __ ___   ____ _| (_)_ __ | | __[32m\ \ \ \
[32m     ( ( )[31m| |/ _` \ \ / / _` | | | '_ \| |/ /[32m \ \ \ \
[32m      \\/ [31m| | (_| |\ V / (_| | | | | | |   < [32m  ) ) ) )
[32m       '  [31m|_|\__,_| \_/ \__,_|_|_|_| |_|_|\_\[32m / / / /
[0m    =========================================[32m/_/_/_/[0m

	Version:        3.3.1.1
	Build:          1075
	Build time:     13.07.2020 09:09:23 UTC
	Branch          master
	Commit:         f6a1a2a
	Commit time:    13.07.2020 09:04:37 UTC
	JVM:            11.0.8
	Lavaplayer      1.3.50

2020-07-16 01:21:05.627  INFO 3308 --- [main] lavalink.server.Launcher                 : Starting Launcher on WIN-SA0AU3NRQCJ with PID 3308 (C:\Users\Mahmoud\Desktop\fifi-abdou\fifi-abdou\Lavalink.jar started by Mahmoud in C:\Users\Mahmoud\Desktop\fifi-abdou\fifi-abdou)
2020-07-16 01:21:05.677  INFO 3308 --- [main] lavalink.server.Launcher                 : No active profile set, falling back to default profiles: default
2020-07-16 01:21:06.164  WARN 3308 --- [background-preinit] o.s.h.c.j.Jackson2ObjectMapperBuilder    : For Jackson Kotlin classes support please add "com.fasterxml.jackson.module:jackson-module-kotlin" to the classpath
2020-07-16 01:21:11.009  WARN 3308 --- [main] io.undertow.websockets.jsr               : UT026010: Buffer pool was not set on WebSocketDeploymentInfo, the default pool will be used
2020-07-16 01:21:11.156  INFO 3308 --- [main] io.undertow.servlet                      : Initializing Spring embedded WebApplicationContext
2020-07-16 01:21:11.214  INFO 3308 --- [main] o.s.web.context.ContextLoader            : Root WebApplicationContext: initialization completed in 5254 ms
2020-07-16 01:21:12.701  WARN 3308 --- [main] l.server.config.SentryConfiguration      : Turning off sentry
2020-07-16 01:21:12.782  INFO 3308 --- [main] l.s.c.AudioSendFactoryConfiguration      : OS: Windows 8.1, Arch: amd64
2020-07-16 01:21:12.793  INFO 3308 --- [main] l.s.c.AudioSendFactoryConfiguration      : JDA-NAS supported system detected. Enabled native audio sending.
2020-07-16 01:21:12.803  INFO 3308 --- [main] l.s.c.AudioSendFactoryConfiguration      : Setting buffer to 400ms
2020-07-16 01:21:12.810  INFO 3308 --- [main] l.s.c.AudioSendFactoryConfiguration      : Setting playlist load limit to 6
2020-07-16 01:21:13.777  INFO 3308 --- [main] c.s.d.l.tools.GarbageCollectionMonitor   : GC monitoring enabled, reporting results every 2 minutes.
2020-07-16 01:21:15.151  INFO 3308 --- [main] o.s.s.concurrent.ThreadPoolTaskExecutor  : Initializing ExecutorService 'applicationTaskExecutor'
2020-07-16 01:21:16.352  INFO 3308 --- [main] org.xnio                                 : XNIO version 3.3.8.Final
2020-07-16 01:21:16.418  INFO 3308 --- [main] org.xnio.nio                             : XNIO NIO Implementation Version 3.3.8.Final
2020-07-16 01:21:16.596  INFO 3308 --- [main] o.s.b.w.e.u.UndertowServletWebServer     : Undertow started on port(s) 8080 (http) with context path ''
2020-07-16 01:21:16.616  INFO 3308 --- [main] lavalink.server.Launcher                 : Started Launcher in 14.859 seconds (JVM running for 16.553)
